[2.489s] Invoking command in '/home/igorunix/M6/pond2/ros2_ws/src/BurguerPack': PYTHONPATH=/home/igorunix/M6/pond2/ros2_ws/build/BurguerPack/prefix_override:/home/igorunix/M6/pond2/ros2_ws/install/BurguerPack/lib/python3.10/site-packages:${PYTHONPATH} /usr/bin/python3 setup.py egg_info --egg-base ../../build/BurguerPack build --build-base /home/igorunix/M6/pond2/ros2_ws/build/BurguerPack/build install --record /home/igorunix/M6/pond2/ros2_ws/build/BurguerPack/install.log --single-version-externally-managed
[3.833s] running egg_info
[3.838s] writing ../../build/BurguerPack/BurguerPack.egg-info/PKG-INFO
[3.838s] writing dependency_links to ../../build/BurguerPack/BurguerPack.egg-info/dependency_links.txt
[3.838s] writing entry points to ../../build/BurguerPack/BurguerPack.egg-info/entry_points.txt
[3.839s] writing requirements to ../../build/BurguerPack/BurguerPack.egg-info/requires.txt
[3.839s] writing top-level names to ../../build/BurguerPack/BurguerPack.egg-info/top_level.txt
[3.842s] reading manifest file '../../build/BurguerPack/BurguerPack.egg-info/SOURCES.txt'
[3.845s] writing manifest file '../../build/BurguerPack/BurguerPack.egg-info/SOURCES.txt'
[3.848s] running build
[3.848s] running build_py
[3.849s] copying BurguerPack/__init__.py -> /home/igorunix/M6/pond2/ros2_ws/build/BurguerPack/build/lib/BurguerPack
[3.851s] running install
[3.852s] /usr/lib/python3/dist-packages/setuptools/command/install.py:34: SetuptoolsDeprecationWarning: setup.py install is deprecated. Use build and pip and other standards-based tools.
[3.852s]   warnings.warn(
[3.854s] running install_lib
[3.859s] copying /home/igorunix/M6/pond2/ros2_ws/build/BurguerPack/build/lib/BurguerPack/__init__.py -> /home/igorunix/M6/pond2/ros2_ws/install/BurguerPack/lib/python3.10/site-packages/BurguerPack
[3.863s] byte-compiling /home/igorunix/M6/pond2/ros2_ws/install/BurguerPack/lib/python3.10/site-packages/BurguerPack/__init__.py to __init__.cpython-310.pyc
[3.869s] running install_data
[3.871s] running install_egg_info
[3.874s] removing '/home/igorunix/M6/pond2/ros2_ws/install/BurguerPack/lib/python3.10/site-packages/BurguerPack-0.0.0-py3.10.egg-info' (and everything under it)
[3.877s] Copying ../../build/BurguerPack/BurguerPack.egg-info to /home/igorunix/M6/pond2/ros2_ws/install/BurguerPack/lib/python3.10/site-packages/BurguerPack-0.0.0-py3.10.egg-info
[3.880s] running install_scripts
[3.959s] Installing Burguer script to /home/igorunix/M6/pond2/ros2_ws/install/BurguerPack/lib/BurguerPack
[3.962s] writing list of installed files to '/home/igorunix/M6/pond2/ros2_ws/build/BurguerPack/install.log'
[4.072s] Invoked command in '/home/igorunix/M6/pond2/ros2_ws/src/BurguerPack' returned '0': PYTHONPATH=/home/igorunix/M6/pond2/ros2_ws/build/BurguerPack/prefix_override:/home/igorunix/M6/pond2/ros2_ws/install/BurguerPack/lib/python3.10/site-packages:${PYTHONPATH} /usr/bin/python3 setup.py egg_info --egg-base ../../build/BurguerPack build --build-base /home/igorunix/M6/pond2/ros2_ws/build/BurguerPack/build install --record /home/igorunix/M6/pond2/ros2_ws/build/BurguerPack/install.log --single-version-externally-managed
