[2.427s] DEBUG:colcon:Command line arguments: ['/usr/bin/colcon', 'build', '--packages-select', 'BurguerPack']
[2.429s] DEBUG:colcon:Parsed command line arguments: Namespace(log_base=None, log_level=None, verb_name='build', build_base='build', install_base='install', merge_install=False, symlink_install=False, test_result_base=None, continue_on_error=False, executor='parallel', parallel_workers=4, event_handlers=None, ignore_user_meta=False, metas=['./colcon.meta'], base_paths=['.'], packages_ignore=None, packages_ignore_regex=None, paths=None, packages_up_to=None, packages_up_to_regex=None, packages_above=None, packages_above_and_dependencies=None, packages_above_depth=None, packages_select_by_dep=None, packages_skip_by_dep=None, packages_skip_up_to=None, packages_select_build_failed=False, packages_skip_build_finished=False, packages_select_test_failures=False, packages_skip_test_passed=False, packages_select=['BurguerPack'], packages_skip=None, packages_select_regex=None, packages_skip_regex=None, packages_start=None, packages_end=None, allow_overriding=[], cmake_args=None, cmake_target=None, cmake_target_skip_unavailable=False, cmake_clean_cache=False, cmake_clean_first=False, cmake_force_configure=False, ament_cmake_args=None, catkin_cmake_args=None, catkin_skip_building_tests=False, verb_parser=<colcon_defaults.argument_parser.defaults.DefaultArgumentsDecorator object at 0x7f10aabff3a0>, verb_extension=<colcon_core.verb.build.BuildVerb object at 0x7f10ab40e650>, main=<bound method BuildVerb.main of <colcon_core.verb.build.BuildVerb object at 0x7f10ab40e650>>)
[2.560s] Level 1:colcon.colcon_core.package_discovery:discover_packages(colcon_meta) check parameters
[2.561s] Level 1:colcon.colcon_core.package_discovery:discover_packages(recursive) check parameters
[2.561s] Level 1:colcon.colcon_core.package_discovery:discover_packages(ignore) check parameters
[2.561s] Level 1:colcon.colcon_core.package_discovery:discover_packages(path) check parameters
[2.561s] Level 1:colcon.colcon_core.package_discovery:discover_packages(colcon_meta) discover
[2.561s] Level 1:colcon.colcon_core.package_discovery:discover_packages(recursive) discover
[2.561s] INFO:colcon.colcon_core.package_discovery:Crawling recursively for packages in '/home/igorunix/M6/pond2/ros2_ws'
[2.562s] Level 1:colcon.colcon_core.package_identification:_identify(.) by extensions ['ignore', 'ignore_ament_install']
[2.569s] Level 1:colcon.colcon_core.package_identification:_identify(.) by extension 'ignore'
[2.576s] Level 1:colcon.colcon_core.package_identification:_identify(.) by extension 'ignore_ament_install'
[2.576s] Level 1:colcon.colcon_core.package_identification:_identify(.) by extensions ['colcon_pkg']
[2.576s] Level 1:colcon.colcon_core.package_identification:_identify(.) by extension 'colcon_pkg'
[2.576s] Level 1:colcon.colcon_core.package_identification:_identify(.) by extensions ['colcon_meta']
[2.576s] Level 1:colcon.colcon_core.package_identification:_identify(.) by extension 'colcon_meta'
[2.576s] Level 1:colcon.colcon_core.package_identification:_identify(.) by extensions ['ros']
[2.576s] Level 1:colcon.colcon_core.package_identification:_identify(.) by extension 'ros'
[2.628s] Level 1:colcon.colcon_core.package_identification:_identify(.) by extensions ['cmake', 'python']
[2.628s] Level 1:colcon.colcon_core.package_identification:_identify(.) by extension 'cmake'
[2.628s] Level 1:colcon.colcon_core.package_identification:_identify(.) by extension 'python'
[2.628s] Level 1:colcon.colcon_core.package_identification:_identify(.) by extensions ['python_setup_py']
[2.628s] Level 1:colcon.colcon_core.package_identification:_identify(.) by extension 'python_setup_py'
[2.628s] Level 1:colcon.colcon_core.package_identification:_identify(build) by extensions ['ignore', 'ignore_ament_install']
[2.629s] Level 1:colcon.colcon_core.package_identification:_identify(build) by extension 'ignore'
[2.629s] Level 1:colcon.colcon_core.package_identification:_identify(build) ignored
[2.629s] Level 1:colcon.colcon_core.package_identification:_identify(install) by extensions ['ignore', 'ignore_ament_install']
[2.629s] Level 1:colcon.colcon_core.package_identification:_identify(install) by extension 'ignore'
[2.629s] Level 1:colcon.colcon_core.package_identification:_identify(install) ignored
[2.629s] Level 1:colcon.colcon_core.package_identification:_identify(log) by extensions ['ignore', 'ignore_ament_install']
[2.629s] Level 1:colcon.colcon_core.package_identification:_identify(log) by extension 'ignore'
[2.630s] Level 1:colcon.colcon_core.package_identification:_identify(log) ignored
[2.630s] Level 1:colcon.colcon_core.package_identification:_identify(src) by extensions ['ignore', 'ignore_ament_install']
[2.630s] Level 1:colcon.colcon_core.package_identification:_identify(src) by extension 'ignore'
[2.630s] Level 1:colcon.colcon_core.package_identification:_identify(src) by extension 'ignore_ament_install'
[2.630s] Level 1:colcon.colcon_core.package_identification:_identify(src) by extensions ['colcon_pkg']
[2.630s] Level 1:colcon.colcon_core.package_identification:_identify(src) by extension 'colcon_pkg'
[2.630s] Level 1:colcon.colcon_core.package_identification:_identify(src) by extensions ['colcon_meta']
[2.630s] Level 1:colcon.colcon_core.package_identification:_identify(src) by extension 'colcon_meta'
[2.630s] Level 1:colcon.colcon_core.package_identification:_identify(src) by extensions ['ros']
[2.630s] Level 1:colcon.colcon_core.package_identification:_identify(src) by extension 'ros'
[2.631s] Level 1:colcon.colcon_core.package_identification:_identify(src) by extensions ['cmake', 'python']
[2.631s] Level 1:colcon.colcon_core.package_identification:_identify(src) by extension 'cmake'
[2.631s] Level 1:colcon.colcon_core.package_identification:_identify(src) by extension 'python'
[2.631s] Level 1:colcon.colcon_core.package_identification:_identify(src) by extensions ['python_setup_py']
[2.631s] Level 1:colcon.colcon_core.package_identification:_identify(src) by extension 'python_setup_py'
[2.631s] Level 1:colcon.colcon_core.package_identification:_identify(src/BurguerPack) by extensions ['ignore', 'ignore_ament_install']
[2.631s] Level 1:colcon.colcon_core.package_identification:_identify(src/BurguerPack) by extension 'ignore'
[2.632s] Level 1:colcon.colcon_core.package_identification:_identify(src/BurguerPack) by extension 'ignore_ament_install'
[2.632s] Level 1:colcon.colcon_core.package_identification:_identify(src/BurguerPack) by extensions ['colcon_pkg']
[2.632s] Level 1:colcon.colcon_core.package_identification:_identify(src/BurguerPack) by extension 'colcon_pkg'
[2.632s] Level 1:colcon.colcon_core.package_identification:_identify(src/BurguerPack) by extensions ['colcon_meta']
[2.632s] Level 1:colcon.colcon_core.package_identification:_identify(src/BurguerPack) by extension 'colcon_meta'
[2.632s] Level 1:colcon.colcon_core.package_identification:_identify(src/BurguerPack) by extensions ['ros']
[2.632s] Level 1:colcon.colcon_core.package_identification:_identify(src/BurguerPack) by extension 'ros'
[2.645s] DEBUG:colcon.colcon_core.package_identification:Package 'src/BurguerPack' with type 'ros.ament_python' and name 'BurguerPack'
[2.645s] Level 1:colcon.colcon_core.package_discovery:discover_packages(recursive) using defaults
[2.646s] Level 1:colcon.colcon_core.package_discovery:discover_packages(ignore) discover
[2.646s] Level 1:colcon.colcon_core.package_discovery:discover_packages(ignore) using defaults
[2.646s] Level 1:colcon.colcon_core.package_discovery:discover_packages(path) discover
[2.646s] Level 1:colcon.colcon_core.package_discovery:discover_packages(path) using defaults
[2.758s] Level 1:colcon.colcon_core.package_discovery:discover_packages(prefix_path) check parameters
[2.759s] Level 1:colcon.colcon_core.package_discovery:discover_packages(prefix_path) discover
[2.767s] DEBUG:colcon.colcon_installed_package_information.package_discovery:Found 1 installed packages in /home/igorunix/M6/pond2/ros2_ws/install
[2.771s] DEBUG:colcon.colcon_installed_package_information.package_discovery:Found 279 installed packages in /opt/ros/humble
[2.791s] Level 1:colcon.colcon_core.package_discovery:discover_packages(prefix_path) using defaults
[3.268s] Level 5:colcon.colcon_core.verb:set package 'BurguerPack' build argument 'cmake_args' from command line to 'None'
[3.269s] Level 5:colcon.colcon_core.verb:set package 'BurguerPack' build argument 'cmake_target' from command line to 'None'
[3.269s] Level 5:colcon.colcon_core.verb:set package 'BurguerPack' build argument 'cmake_target_skip_unavailable' from command line to 'False'
[3.269s] Level 5:colcon.colcon_core.verb:set package 'BurguerPack' build argument 'cmake_clean_cache' from command line to 'False'
[3.270s] Level 5:colcon.colcon_core.verb:set package 'BurguerPack' build argument 'cmake_clean_first' from command line to 'False'
[3.270s] Level 5:colcon.colcon_core.verb:set package 'BurguerPack' build argument 'cmake_force_configure' from command line to 'False'
[3.270s] Level 5:colcon.colcon_core.verb:set package 'BurguerPack' build argument 'ament_cmake_args' from command line to 'None'
[3.271s] Level 5:colcon.colcon_core.verb:set package 'BurguerPack' build argument 'catkin_cmake_args' from command line to 'None'
[3.271s] Level 5:colcon.colcon_core.verb:set package 'BurguerPack' build argument 'catkin_skip_building_tests' from command line to 'False'
[3.275s] DEBUG:colcon.colcon_core.verb:Building package 'BurguerPack' with the following arguments: {'ament_cmake_args': None, 'build_base': '/home/igorunix/M6/pond2/ros2_ws/build/BurguerPack', 'catkin_cmake_args': None, 'catkin_skip_building_tests': False, 'cmake_args': None, 'cmake_clean_cache': False, 'cmake_clean_first': False, 'cmake_force_configure': False, 'cmake_target': None, 'cmake_target_skip_unavailable': False, 'install_base': '/home/igorunix/M6/pond2/ros2_ws/install/BurguerPack', 'merge_install': False, 'path': '/home/igorunix/M6/pond2/ros2_ws/src/BurguerPack', 'symlink_install': False, 'test_result_base': None}
[3.279s] INFO:colcon.colcon_core.executor:Executing jobs using 'parallel' executor
[3.290s] DEBUG:colcon.colcon_parallel_executor.executor.parallel:run_until_complete
[3.290s] INFO:colcon.colcon_ros.task.ament_python.build:Building ROS package in '/home/igorunix/M6/pond2/ros2_ws/src/BurguerPack' with build type 'ament_python'
[3.290s] Level 1:colcon.colcon_core.shell:create_environment_hook('BurguerPack', 'ament_prefix_path')
[3.324s] INFO:colcon.colcon_core.plugin_system:Skipping extension 'colcon_core.shell.bat': Not used on non-Windows systems
[3.325s] INFO:colcon.colcon_core.shell:Creating environment hook '/home/igorunix/M6/pond2/ros2_ws/install/BurguerPack/share/BurguerPack/hook/ament_prefix_path.ps1'
[3.327s] INFO:colcon.colcon_core.shell:Creating environment descriptor '/home/igorunix/M6/pond2/ros2_ws/install/BurguerPack/share/BurguerPack/hook/ament_prefix_path.dsv'
[3.330s] INFO:colcon.colcon_core.shell:Creating environment hook '/home/igorunix/M6/pond2/ros2_ws/install/BurguerPack/share/BurguerPack/hook/ament_prefix_path.sh'
[3.342s] INFO:colcon.colcon_core.shell:Skip shell extension 'powershell' for command environment: Not usable outside of PowerShell
[3.343s] DEBUG:colcon.colcon_core.shell:Skip shell extension 'dsv' for command environment
[5.032s] INFO:colcon.colcon_core.task.python.build:Building Python package in '/home/igorunix/M6/pond2/ros2_ws/src/BurguerPack'
[5.037s] INFO:colcon.colcon_core.shell:Skip shell extension 'powershell' for command environment: Not usable outside of PowerShell
[5.037s] DEBUG:colcon.colcon_core.shell:Skip shell extension 'dsv' for command environment
[6.699s] DEBUG:colcon.colcon_core.event_handler.log_command:Invoking command in '/home/igorunix/M6/pond2/ros2_ws/src/BurguerPack': PYTHONPATH=/home/igorunix/M6/pond2/ros2_ws/build/BurguerPack/prefix_override:/home/igorunix/M6/pond2/ros2_ws/install/BurguerPack/lib/python3.10/site-packages:${PYTHONPATH} /usr/bin/python3 setup.py egg_info --egg-base ../../build/BurguerPack build --build-base /home/igorunix/M6/pond2/ros2_ws/build/BurguerPack/build install --record /home/igorunix/M6/pond2/ros2_ws/build/BurguerPack/install.log --single-version-externally-managed
[8.352s] DEBUG:colcon.colcon_core.event_handler.log_command:Invoked command in '/home/igorunix/M6/pond2/ros2_ws/src/BurguerPack' returned '0': PYTHONPATH=/home/igorunix/M6/pond2/ros2_ws/build/BurguerPack/prefix_override:/home/igorunix/M6/pond2/ros2_ws/install/BurguerPack/lib/python3.10/site-packages:${PYTHONPATH} /usr/bin/python3 setup.py egg_info --egg-base ../../build/BurguerPack build --build-base /home/igorunix/M6/pond2/ros2_ws/build/BurguerPack/build install --record /home/igorunix/M6/pond2/ros2_ws/build/BurguerPack/install.log --single-version-externally-managed
[8.433s] Level 1:colcon.colcon_core.environment:checking '/home/igorunix/M6/pond2/ros2_ws/install/BurguerPack' for CMake module files
[8.445s] Level 1:colcon.colcon_core.environment:checking '/home/igorunix/M6/pond2/ros2_ws/install/BurguerPack' for CMake config files
[8.448s] Level 1:colcon.colcon_core.environment:checking '/home/igorunix/M6/pond2/ros2_ws/install/BurguerPack/lib'
[8.456s] Level 1:colcon.colcon_core.environment:checking '/home/igorunix/M6/pond2/ros2_ws/install/BurguerPack/bin'
[8.457s] Level 1:colcon.colcon_core.environment:checking '/home/igorunix/M6/pond2/ros2_ws/install/BurguerPack/lib/pkgconfig/BurguerPack.pc'
[8.458s] Level 1:colcon.colcon_core.environment:checking '/home/igorunix/M6/pond2/ros2_ws/install/BurguerPack/lib/python3.10/site-packages'
[8.458s] Level 1:colcon.colcon_core.shell:create_environment_hook('BurguerPack', 'pythonpath')
[8.466s] INFO:colcon.colcon_core.shell:Creating environment hook '/home/igorunix/M6/pond2/ros2_ws/install/BurguerPack/share/BurguerPack/hook/pythonpath.ps1'
[8.474s] INFO:colcon.colcon_core.shell:Creating environment descriptor '/home/igorunix/M6/pond2/ros2_ws/install/BurguerPack/share/BurguerPack/hook/pythonpath.dsv'
[8.476s] INFO:colcon.colcon_core.shell:Creating environment hook '/home/igorunix/M6/pond2/ros2_ws/install/BurguerPack/share/BurguerPack/hook/pythonpath.sh'
[8.478s] Level 1:colcon.colcon_core.environment:checking '/home/igorunix/M6/pond2/ros2_ws/install/BurguerPack/bin'
[8.483s] Level 1:colcon.colcon_core.environment:create_environment_scripts_only(BurguerPack)
[8.520s] INFO:colcon.colcon_core.shell:Creating package script '/home/igorunix/M6/pond2/ros2_ws/install/BurguerPack/share/BurguerPack/package.ps1'
[8.540s] INFO:colcon.colcon_core.shell:Creating package descriptor '/home/igorunix/M6/pond2/ros2_ws/install/BurguerPack/share/BurguerPack/package.dsv'
[8.544s] INFO:colcon.colcon_core.shell:Creating package script '/home/igorunix/M6/pond2/ros2_ws/install/BurguerPack/share/BurguerPack/package.sh'
[8.547s] INFO:colcon.colcon_core.shell:Creating package script '/home/igorunix/M6/pond2/ros2_ws/install/BurguerPack/share/BurguerPack/package.bash'
[8.576s] INFO:colcon.colcon_core.shell:Creating package script '/home/igorunix/M6/pond2/ros2_ws/install/BurguerPack/share/BurguerPack/package.zsh'
[8.583s] Level 1:colcon.colcon_core.environment:create_file_with_runtime_dependencies(/home/igorunix/M6/pond2/ros2_ws/install/BurguerPack/share/colcon-core/packages/BurguerPack)
[8.589s] DEBUG:colcon.colcon_parallel_executor.executor.parallel:closing loop
[8.592s] DEBUG:colcon.colcon_parallel_executor.executor.parallel:loop closed
[8.593s] DEBUG:colcon.colcon_parallel_executor.executor.parallel:run_until_complete finished with '0'
[8.594s] DEBUG:colcon.colcon_core.event_reactor:joining thread
[8.772s] INFO:colcon.colcon_core.plugin_system:Skipping extension 'colcon_notification.desktop_notification.notify_send': Could not find 'notify-send'
[8.773s] INFO:colcon.colcon_core.plugin_system:Skipping extension 'colcon_notification.desktop_notification.terminal_notifier': Not used on non-Darwin systems
[8.774s] INFO:colcon.colcon_core.plugin_system:Skipping extension 'colcon_notification.desktop_notification.win32': Not used on non-Windows systems
[8.783s] INFO:colcon.colcon_notification.desktop_notification:Sending desktop notification using 'notify2'
[8.823s] DEBUG:colcon.colcon_notification.desktop_notification.notify2:Failed to initialize notify2: org.freedesktop.DBus.Error.ServiceUnknown: The name org.freedesktop.Notifications was not provided by any .service files
[8.826s] DEBUG:colcon.colcon_core.event_reactor:joined thread
[8.835s] INFO:colcon.colcon_core.shell:Creating prefix script '/home/igorunix/M6/pond2/ros2_ws/install/local_setup.ps1'
[8.842s] INFO:colcon.colcon_core.shell:Creating prefix util module '/home/igorunix/M6/pond2/ros2_ws/install/_local_setup_util_ps1.py'
[8.848s] INFO:colcon.colcon_core.shell:Creating prefix chain script '/home/igorunix/M6/pond2/ros2_ws/install/setup.ps1'
[8.851s] INFO:colcon.colcon_core.shell:Creating prefix script '/home/igorunix/M6/pond2/ros2_ws/install/local_setup.sh'
[8.853s] INFO:colcon.colcon_core.shell:Creating prefix util module '/home/igorunix/M6/pond2/ros2_ws/install/_local_setup_util_sh.py'
[8.866s] INFO:colcon.colcon_core.shell:Creating prefix chain script '/home/igorunix/M6/pond2/ros2_ws/install/setup.sh'
[8.869s] INFO:colcon.colcon_core.shell:Creating prefix script '/home/igorunix/M6/pond2/ros2_ws/install/local_setup.bash'
[8.874s] INFO:colcon.colcon_core.shell:Creating prefix chain script '/home/igorunix/M6/pond2/ros2_ws/install/setup.bash'
[8.880s] INFO:colcon.colcon_core.shell:Creating prefix script '/home/igorunix/M6/pond2/ros2_ws/install/local_setup.zsh'
[8.881s] INFO:colcon.colcon_core.shell:Creating prefix chain script '/home/igorunix/M6/pond2/ros2_ws/install/setup.zsh'
