running egg_info
writing ../../build/BurguerPack/BurguerPack.egg-info/PKG-INFO
writing dependency_links to ../../build/BurguerPack/BurguerPack.egg-info/dependency_links.txt
writing entry points to ../../build/BurguerPack/BurguerPack.egg-info/entry_points.txt
writing requirements to ../../build/BurguerPack/BurguerPack.egg-info/requires.txt
writing top-level names to ../../build/BurguerPack/BurguerPack.egg-info/top_level.txt
reading manifest file '../../build/BurguerPack/BurguerPack.egg-info/SOURCES.txt'
writing manifest file '../../build/BurguerPack/BurguerPack.egg-info/SOURCES.txt'
running build
running build_py
copying BurguerPack/__init__.py -> /home/igorunix/M6/pond2/ros2_ws/build/BurguerPack/build/lib/BurguerPack
running install
/usr/lib/python3/dist-packages/setuptools/command/install.py:34: SetuptoolsDeprecationWarning: setup.py install is deprecated. Use build and pip and other standards-based tools.
  warnings.warn(
running install_lib
copying /home/igorunix/M6/pond2/ros2_ws/build/BurguerPack/build/lib/BurguerPack/__init__.py -> /home/igorunix/M6/pond2/ros2_ws/install/BurguerPack/lib/python3.10/site-packages/BurguerPack
byte-compiling /home/igorunix/M6/pond2/ros2_ws/install/BurguerPack/lib/python3.10/site-packages/BurguerPack/__init__.py to __init__.cpython-310.pyc
running install_data
running install_egg_info
removing '/home/igorunix/M6/pond2/ros2_ws/install/BurguerPack/lib/python3.10/site-packages/BurguerPack-0.0.0-py3.10.egg-info' (and everything under it)
Copying ../../build/BurguerPack/BurguerPack.egg-info to /home/igorunix/M6/pond2/ros2_ws/install/BurguerPack/lib/python3.10/site-packages/BurguerPack-0.0.0-py3.10.egg-info
running install_scripts
Installing Burguer script to /home/igorunix/M6/pond2/ros2_ws/install/BurguerPack/lib/BurguerPack
writing list of installed files to '/home/igorunix/M6/pond2/ros2_ws/build/BurguerPack/install.log'
