[1.409s] DEBUG:colcon:Command line arguments: ['/usr/bin/colcon', 'build', '--packages-select', 'BurguerPack']
[1.409s] DEBUG:colcon:Parsed command line arguments: Namespace(log_base=None, log_level=None, verb_name='build', build_base='build', install_base='install', merge_install=False, symlink_install=False, test_result_base=None, continue_on_error=False, executor='parallel', parallel_workers=4, event_handlers=None, ignore_user_meta=False, metas=['./colcon.meta'], base_paths=['.'], packages_ignore=None, packages_ignore_regex=None, paths=None, packages_up_to=None, packages_up_to_regex=None, packages_above=None, packages_above_and_dependencies=None, packages_above_depth=None, packages_select_by_dep=None, packages_skip_by_dep=None, packages_skip_up_to=None, packages_select_build_failed=False, packages_skip_build_finished=False, packages_select_test_failures=False, packages_skip_test_passed=False, packages_select=['BurguerPack'], packages_skip=None, packages_select_regex=None, packages_skip_regex=None, packages_start=None, packages_end=None, allow_overriding=[], cmake_args=None, cmake_target=None, cmake_target_skip_unavailable=False, cmake_clean_cache=False, cmake_clean_first=False, cmake_force_configure=False, ament_cmake_args=None, catkin_cmake_args=None, catkin_skip_building_tests=False, verb_parser=<colcon_defaults.argument_parser.defaults.DefaultArgumentsDecorator object at 0x7f67b04cafe0>, verb_extension=<colcon_core.verb.build.BuildVerb object at 0x7f67b0c0dc00>, main=<bound method BuildVerb.main of <colcon_core.verb.build.BuildVerb object at 0x7f67b0c0dc00>>)
[1.590s] Level 1:colcon.colcon_core.package_discovery:discover_packages(colcon_meta) check parameters
[1.590s] Level 1:colcon.colcon_core.package_discovery:discover_packages(recursive) check parameters
[1.591s] Level 1:colcon.colcon_core.package_discovery:discover_packages(ignore) check parameters
[1.592s] Level 1:colcon.colcon_core.package_discovery:discover_packages(path) check parameters
[1.594s] Level 1:colcon.colcon_core.package_discovery:discover_packages(colcon_meta) discover
[1.594s] Level 1:colcon.colcon_core.package_discovery:discover_packages(recursive) discover
[1.595s] INFO:colcon.colcon_core.package_discovery:Crawling recursively for packages in '/home/igorunix/M6/pond2/ros2_ws'
[1.595s] Level 1:colcon.colcon_core.package_identification:_identify(.) by extensions ['ignore', 'ignore_ament_install']
[1.596s] Level 1:colcon.colcon_core.package_identification:_identify(.) by extension 'ignore'
[1.596s] Level 1:colcon.colcon_core.package_identification:_identify(.) by extension 'ignore_ament_install'
[1.597s] Level 1:colcon.colcon_core.package_identification:_identify(.) by extensions ['colcon_pkg']
[1.608s] Level 1:colcon.colcon_core.package_identification:_identify(.) by extension 'colcon_pkg'
[1.608s] Level 1:colcon.colcon_core.package_identification:_identify(.) by extensions ['colcon_meta']
[1.609s] Level 1:colcon.colcon_core.package_identification:_identify(.) by extension 'colcon_meta'
[1.609s] Level 1:colcon.colcon_core.package_identification:_identify(.) by extensions ['ros']
[1.610s] Level 1:colcon.colcon_core.package_identification:_identify(.) by extension 'ros'
[1.662s] Level 1:colcon.colcon_core.package_identification:_identify(.) by extensions ['cmake', 'python']
[1.665s] Level 1:colcon.colcon_core.package_identification:_identify(.) by extension 'cmake'
[1.666s] Level 1:colcon.colcon_core.package_identification:_identify(.) by extension 'python'
[1.666s] Level 1:colcon.colcon_core.package_identification:_identify(.) by extensions ['python_setup_py']
[1.666s] Level 1:colcon.colcon_core.package_identification:_identify(.) by extension 'python_setup_py'
[1.666s] Level 1:colcon.colcon_core.package_identification:_identify(build) by extensions ['ignore', 'ignore_ament_install']
[1.667s] Level 1:colcon.colcon_core.package_identification:_identify(build) by extension 'ignore'
[1.667s] Level 1:colcon.colcon_core.package_identification:_identify(build) ignored
[1.667s] Level 1:colcon.colcon_core.package_identification:_identify(install) by extensions ['ignore', 'ignore_ament_install']
[1.667s] Level 1:colcon.colcon_core.package_identification:_identify(install) by extension 'ignore'
[1.667s] Level 1:colcon.colcon_core.package_identification:_identify(install) ignored
[1.668s] Level 1:colcon.colcon_core.package_identification:_identify(log) by extensions ['ignore', 'ignore_ament_install']
[1.668s] Level 1:colcon.colcon_core.package_identification:_identify(log) by extension 'ignore'
[1.668s] Level 1:colcon.colcon_core.package_identification:_identify(log) ignored
[1.668s] Level 1:colcon.colcon_core.package_identification:_identify(src) by extensions ['ignore', 'ignore_ament_install']
[1.668s] Level 1:colcon.colcon_core.package_identification:_identify(src) by extension 'ignore'
[1.668s] Level 1:colcon.colcon_core.package_identification:_identify(src) by extension 'ignore_ament_install'
[1.668s] Level 1:colcon.colcon_core.package_identification:_identify(src) by extensions ['colcon_pkg']
[1.668s] Level 1:colcon.colcon_core.package_identification:_identify(src) by extension 'colcon_pkg'
[1.668s] Level 1:colcon.colcon_core.package_identification:_identify(src) by extensions ['colcon_meta']
[1.669s] Level 1:colcon.colcon_core.package_identification:_identify(src) by extension 'colcon_meta'
[1.669s] Level 1:colcon.colcon_core.package_identification:_identify(src) by extensions ['ros']
[1.669s] Level 1:colcon.colcon_core.package_identification:_identify(src) by extension 'ros'
[1.669s] Level 1:colcon.colcon_core.package_identification:_identify(src) by extensions ['cmake', 'python']
[1.669s] Level 1:colcon.colcon_core.package_identification:_identify(src) by extension 'cmake'
[1.669s] Level 1:colcon.colcon_core.package_identification:_identify(src) by extension 'python'
[1.669s] Level 1:colcon.colcon_core.package_identification:_identify(src) by extensions ['python_setup_py']
[1.669s] Level 1:colcon.colcon_core.package_identification:_identify(src) by extension 'python_setup_py'
[1.669s] Level 1:colcon.colcon_core.package_identification:_identify(src/BurguerPack) by extensions ['ignore', 'ignore_ament_install']
[1.670s] Level 1:colcon.colcon_core.package_identification:_identify(src/BurguerPack) by extension 'ignore'
[1.670s] Level 1:colcon.colcon_core.package_identification:_identify(src/BurguerPack) by extension 'ignore_ament_install'
[1.671s] Level 1:colcon.colcon_core.package_identification:_identify(src/BurguerPack) by extensions ['colcon_pkg']
[1.671s] Level 1:colcon.colcon_core.package_identification:_identify(src/BurguerPack) by extension 'colcon_pkg'
[1.671s] Level 1:colcon.colcon_core.package_identification:_identify(src/BurguerPack) by extensions ['colcon_meta']
[1.671s] Level 1:colcon.colcon_core.package_identification:_identify(src/BurguerPack) by extension 'colcon_meta'
[1.678s] Level 1:colcon.colcon_core.package_identification:_identify(src/BurguerPack) by extensions ['ros']
[1.679s] Level 1:colcon.colcon_core.package_identification:_identify(src/BurguerPack) by extension 'ros'
[1.698s] DEBUG:colcon.colcon_core.package_identification:Package 'src/BurguerPack' with type 'ros.ament_python' and name 'BurguerPack'
[1.700s] Level 1:colcon.colcon_core.package_discovery:discover_packages(recursive) using defaults
[1.704s] Level 1:colcon.colcon_core.package_discovery:discover_packages(ignore) discover
[1.713s] Level 1:colcon.colcon_core.package_discovery:discover_packages(ignore) using defaults
[1.714s] Level 1:colcon.colcon_core.package_discovery:discover_packages(path) discover
[1.714s] Level 1:colcon.colcon_core.package_discovery:discover_packages(path) using defaults
[1.800s] Level 1:colcon.colcon_core.package_discovery:discover_packages(prefix_path) check parameters
[1.801s] Level 1:colcon.colcon_core.package_discovery:discover_packages(prefix_path) discover
[1.813s] DEBUG:colcon.colcon_installed_package_information.package_discovery:Found 1 installed packages in /home/igorunix/M6/pond2/ros2_ws/install
[1.818s] DEBUG:colcon.colcon_installed_package_information.package_discovery:Found 279 installed packages in /opt/ros/humble
[1.824s] Level 1:colcon.colcon_core.package_discovery:discover_packages(prefix_path) using defaults
[2.056s] Level 5:colcon.colcon_core.verb:set package 'BurguerPack' build argument 'cmake_args' from command line to 'None'
[2.056s] Level 5:colcon.colcon_core.verb:set package 'BurguerPack' build argument 'cmake_target' from command line to 'None'
[2.056s] Level 5:colcon.colcon_core.verb:set package 'BurguerPack' build argument 'cmake_target_skip_unavailable' from command line to 'False'
[2.056s] Level 5:colcon.colcon_core.verb:set package 'BurguerPack' build argument 'cmake_clean_cache' from command line to 'False'
[2.056s] Level 5:colcon.colcon_core.verb:set package 'BurguerPack' build argument 'cmake_clean_first' from command line to 'False'
[2.056s] Level 5:colcon.colcon_core.verb:set package 'BurguerPack' build argument 'cmake_force_configure' from command line to 'False'
[2.056s] Level 5:colcon.colcon_core.verb:set package 'BurguerPack' build argument 'ament_cmake_args' from command line to 'None'
[2.056s] Level 5:colcon.colcon_core.verb:set package 'BurguerPack' build argument 'catkin_cmake_args' from command line to 'None'
[2.056s] Level 5:colcon.colcon_core.verb:set package 'BurguerPack' build argument 'catkin_skip_building_tests' from command line to 'False'
[2.056s] DEBUG:colcon.colcon_core.verb:Building package 'BurguerPack' with the following arguments: {'ament_cmake_args': None, 'build_base': '/home/igorunix/M6/pond2/ros2_ws/build/BurguerPack', 'catkin_cmake_args': None, 'catkin_skip_building_tests': False, 'cmake_args': None, 'cmake_clean_cache': False, 'cmake_clean_first': False, 'cmake_force_configure': False, 'cmake_target': None, 'cmake_target_skip_unavailable': False, 'install_base': '/home/igorunix/M6/pond2/ros2_ws/install/BurguerPack', 'merge_install': False, 'path': '/home/igorunix/M6/pond2/ros2_ws/src/BurguerPack', 'symlink_install': False, 'test_result_base': None}
[2.060s] INFO:colcon.colcon_core.executor:Executing jobs using 'parallel' executor
[2.091s] DEBUG:colcon.colcon_parallel_executor.executor.parallel:run_until_complete
[2.092s] INFO:colcon.colcon_ros.task.ament_python.build:Building ROS package in '/home/igorunix/M6/pond2/ros2_ws/src/BurguerPack' with build type 'ament_python'
[2.092s] Level 1:colcon.colcon_core.shell:create_environment_hook('BurguerPack', 'ament_prefix_path')
[2.111s] INFO:colcon.colcon_core.plugin_system:Skipping extension 'colcon_core.shell.bat': Not used on non-Windows systems
[2.112s] INFO:colcon.colcon_core.shell:Creating environment hook '/home/igorunix/M6/pond2/ros2_ws/install/BurguerPack/share/BurguerPack/hook/ament_prefix_path.ps1'
[2.115s] INFO:colcon.colcon_core.shell:Creating environment descriptor '/home/igorunix/M6/pond2/ros2_ws/install/BurguerPack/share/BurguerPack/hook/ament_prefix_path.dsv'
[2.117s] INFO:colcon.colcon_core.shell:Creating environment hook '/home/igorunix/M6/pond2/ros2_ws/install/BurguerPack/share/BurguerPack/hook/ament_prefix_path.sh'
[2.133s] INFO:colcon.colcon_core.shell:Skip shell extension 'powershell' for command environment: Not usable outside of PowerShell
[2.134s] DEBUG:colcon.colcon_core.shell:Skip shell extension 'dsv' for command environment
[3.080s] INFO:colcon.colcon_core.task.python.build:Building Python package in '/home/igorunix/M6/pond2/ros2_ws/src/BurguerPack'
[3.084s] INFO:colcon.colcon_core.shell:Skip shell extension 'powershell' for command environment: Not usable outside of PowerShell
[3.084s] DEBUG:colcon.colcon_core.shell:Skip shell extension 'dsv' for command environment
[4.258s] DEBUG:colcon.colcon_core.event_handler.log_command:Invoking command in '/home/igorunix/M6/pond2/ros2_ws/src/BurguerPack': PYTHONPATH=/home/igorunix/M6/pond2/ros2_ws/build/BurguerPack/prefix_override:/home/igorunix/M6/pond2/ros2_ws/install/BurguerPack/lib/python3.10/site-packages:${PYTHONPATH} /usr/bin/python3 setup.py egg_info --egg-base ../../build/BurguerPack build --build-base /home/igorunix/M6/pond2/ros2_ws/build/BurguerPack/build install --record /home/igorunix/M6/pond2/ros2_ws/build/BurguerPack/install.log --single-version-externally-managed
[5.308s] DEBUG:colcon.colcon_core.event_handler.log_command:Invoked command in '/home/igorunix/M6/pond2/ros2_ws/src/BurguerPack' returned '0': PYTHONPATH=/home/igorunix/M6/pond2/ros2_ws/build/BurguerPack/prefix_override:/home/igorunix/M6/pond2/ros2_ws/install/BurguerPack/lib/python3.10/site-packages:${PYTHONPATH} /usr/bin/python3 setup.py egg_info --egg-base ../../build/BurguerPack build --build-base /home/igorunix/M6/pond2/ros2_ws/build/BurguerPack/build install --record /home/igorunix/M6/pond2/ros2_ws/build/BurguerPack/install.log --single-version-externally-managed
[5.313s] Level 1:colcon.colcon_core.environment:checking '/home/igorunix/M6/pond2/ros2_ws/install/BurguerPack' for CMake module files
[5.314s] Level 1:colcon.colcon_core.environment:checking '/home/igorunix/M6/pond2/ros2_ws/install/BurguerPack' for CMake config files
[5.316s] Level 1:colcon.colcon_core.environment:checking '/home/igorunix/M6/pond2/ros2_ws/install/BurguerPack/lib'
[5.317s] Level 1:colcon.colcon_core.environment:checking '/home/igorunix/M6/pond2/ros2_ws/install/BurguerPack/bin'
[5.317s] Level 1:colcon.colcon_core.environment:checking '/home/igorunix/M6/pond2/ros2_ws/install/BurguerPack/lib/pkgconfig/BurguerPack.pc'
[5.320s] Level 1:colcon.colcon_core.environment:checking '/home/igorunix/M6/pond2/ros2_ws/install/BurguerPack/lib/python3.10/site-packages'
[5.320s] Level 1:colcon.colcon_core.shell:create_environment_hook('BurguerPack', 'pythonpath')
[5.326s] INFO:colcon.colcon_core.shell:Creating environment hook '/home/igorunix/M6/pond2/ros2_ws/install/BurguerPack/share/BurguerPack/hook/pythonpath.ps1'
[5.327s] INFO:colcon.colcon_core.shell:Creating environment descriptor '/home/igorunix/M6/pond2/ros2_ws/install/BurguerPack/share/BurguerPack/hook/pythonpath.dsv'
[5.330s] INFO:colcon.colcon_core.shell:Creating environment hook '/home/igorunix/M6/pond2/ros2_ws/install/BurguerPack/share/BurguerPack/hook/pythonpath.sh'
[5.332s] Level 1:colcon.colcon_core.environment:checking '/home/igorunix/M6/pond2/ros2_ws/install/BurguerPack/bin'
[5.333s] Level 1:colcon.colcon_core.environment:create_environment_scripts_only(BurguerPack)
[5.340s] INFO:colcon.colcon_core.shell:Creating package script '/home/igorunix/M6/pond2/ros2_ws/install/BurguerPack/share/BurguerPack/package.ps1'
[5.345s] INFO:colcon.colcon_core.shell:Creating package descriptor '/home/igorunix/M6/pond2/ros2_ws/install/BurguerPack/share/BurguerPack/package.dsv'
[5.347s] INFO:colcon.colcon_core.shell:Creating package script '/home/igorunix/M6/pond2/ros2_ws/install/BurguerPack/share/BurguerPack/package.sh'
[5.349s] INFO:colcon.colcon_core.shell:Creating package script '/home/igorunix/M6/pond2/ros2_ws/install/BurguerPack/share/BurguerPack/package.bash'
[5.352s] INFO:colcon.colcon_core.shell:Creating package script '/home/igorunix/M6/pond2/ros2_ws/install/BurguerPack/share/BurguerPack/package.zsh'
[5.360s] Level 1:colcon.colcon_core.environment:create_file_with_runtime_dependencies(/home/igorunix/M6/pond2/ros2_ws/install/BurguerPack/share/colcon-core/packages/BurguerPack)
[5.363s] DEBUG:colcon.colcon_parallel_executor.executor.parallel:closing loop
[5.364s] DEBUG:colcon.colcon_parallel_executor.executor.parallel:loop closed
[5.364s] DEBUG:colcon.colcon_parallel_executor.executor.parallel:run_until_complete finished with '0'
[5.364s] DEBUG:colcon.colcon_core.event_reactor:joining thread
[5.528s] INFO:colcon.colcon_core.plugin_system:Skipping extension 'colcon_notification.desktop_notification.notify_send': Could not find 'notify-send'
[5.528s] INFO:colcon.colcon_core.plugin_system:Skipping extension 'colcon_notification.desktop_notification.terminal_notifier': Not used on non-Darwin systems
[5.528s] INFO:colcon.colcon_core.plugin_system:Skipping extension 'colcon_notification.desktop_notification.win32': Not used on non-Windows systems
[5.528s] INFO:colcon.colcon_notification.desktop_notification:Sending desktop notification using 'notify2'
[5.547s] DEBUG:colcon.colcon_notification.desktop_notification.notify2:Failed to initialize notify2: org.freedesktop.DBus.Error.ServiceUnknown: The name org.freedesktop.Notifications was not provided by any .service files
[5.547s] DEBUG:colcon.colcon_core.event_reactor:joined thread
[5.551s] INFO:colcon.colcon_core.shell:Creating prefix script '/home/igorunix/M6/pond2/ros2_ws/install/local_setup.ps1'
[5.556s] INFO:colcon.colcon_core.shell:Creating prefix util module '/home/igorunix/M6/pond2/ros2_ws/install/_local_setup_util_ps1.py'
[5.569s] INFO:colcon.colcon_core.shell:Creating prefix chain script '/home/igorunix/M6/pond2/ros2_ws/install/setup.ps1'
[5.586s] INFO:colcon.colcon_core.shell:Creating prefix script '/home/igorunix/M6/pond2/ros2_ws/install/local_setup.sh'
[5.587s] INFO:colcon.colcon_core.shell:Creating prefix util module '/home/igorunix/M6/pond2/ros2_ws/install/_local_setup_util_sh.py'
[5.599s] INFO:colcon.colcon_core.shell:Creating prefix chain script '/home/igorunix/M6/pond2/ros2_ws/install/setup.sh'
[5.610s] INFO:colcon.colcon_core.shell:Creating prefix script '/home/igorunix/M6/pond2/ros2_ws/install/local_setup.bash'
[5.612s] INFO:colcon.colcon_core.shell:Creating prefix chain script '/home/igorunix/M6/pond2/ros2_ws/install/setup.bash'
[5.616s] INFO:colcon.colcon_core.shell:Creating prefix script '/home/igorunix/M6/pond2/ros2_ws/install/local_setup.zsh'
[5.617s] INFO:colcon.colcon_core.shell:Creating prefix chain script '/home/igorunix/M6/pond2/ros2_ws/install/setup.zsh'
