[7.262s] DEBUG:colcon:Command line arguments: ['/usr/bin/colcon', 'build', '--packages-select', 'BurguerPack']
[7.263s] DEBUG:colcon:Parsed command line arguments: Namespace(log_base=None, log_level=None, verb_name='build', build_base='build', install_base='install', merge_install=False, symlink_install=False, test_result_base=None, continue_on_error=False, executor='parallel', parallel_workers=4, event_handlers=None, ignore_user_meta=False, metas=['./colcon.meta'], base_paths=['.'], packages_ignore=None, packages_ignore_regex=None, paths=None, packages_up_to=None, packages_up_to_regex=None, packages_above=None, packages_above_and_dependencies=None, packages_above_depth=None, packages_select_by_dep=None, packages_skip_by_dep=None, packages_skip_up_to=None, packages_select_build_failed=False, packages_skip_build_finished=False, packages_select_test_failures=False, packages_skip_test_passed=False, packages_select=['BurguerPack'], packages_skip=None, packages_select_regex=None, packages_skip_regex=None, packages_start=None, packages_end=None, allow_overriding=[], cmake_args=None, cmake_target=None, cmake_target_skip_unavailable=False, cmake_clean_cache=False, cmake_clean_first=False, cmake_force_configure=False, ament_cmake_args=None, catkin_cmake_args=None, catkin_skip_building_tests=False, verb_parser=<colcon_defaults.argument_parser.defaults.DefaultArgumentsDecorator object at 0x7f6238f56ef0>, verb_extension=<colcon_core.verb.build.BuildVerb object at 0x7f6239760430>, main=<bound method BuildVerb.main of <colcon_core.verb.build.BuildVerb object at 0x7f6239760430>>)
[8.028s] Level 1:colcon.colcon_core.package_discovery:discover_packages(colcon_meta) check parameters
[8.028s] Level 1:colcon.colcon_core.package_discovery:discover_packages(recursive) check parameters
[8.028s] Level 1:colcon.colcon_core.package_discovery:discover_packages(ignore) check parameters
[8.028s] Level 1:colcon.colcon_core.package_discovery:discover_packages(path) check parameters
[8.028s] Level 1:colcon.colcon_core.package_discovery:discover_packages(colcon_meta) discover
[8.029s] Level 1:colcon.colcon_core.package_discovery:discover_packages(recursive) discover
[8.029s] INFO:colcon.colcon_core.package_discovery:Crawling recursively for packages in '/home/igorunix/M6/pond2/ros2_ws'
[8.029s] Level 1:colcon.colcon_core.package_identification:_identify(.) by extensions ['ignore', 'ignore_ament_install']
[8.029s] Level 1:colcon.colcon_core.package_identification:_identify(.) by extension 'ignore'
[8.029s] Level 1:colcon.colcon_core.package_identification:_identify(.) by extension 'ignore_ament_install'
[8.029s] Level 1:colcon.colcon_core.package_identification:_identify(.) by extensions ['colcon_pkg']
[8.030s] Level 1:colcon.colcon_core.package_identification:_identify(.) by extension 'colcon_pkg'
[8.030s] Level 1:colcon.colcon_core.package_identification:_identify(.) by extensions ['colcon_meta']
[8.030s] Level 1:colcon.colcon_core.package_identification:_identify(.) by extension 'colcon_meta'
[8.030s] Level 1:colcon.colcon_core.package_identification:_identify(.) by extensions ['ros']
[8.030s] Level 1:colcon.colcon_core.package_identification:_identify(.) by extension 'ros'
[8.133s] Level 1:colcon.colcon_core.package_identification:_identify(.) by extensions ['cmake', 'python']
[8.134s] Level 1:colcon.colcon_core.package_identification:_identify(.) by extension 'cmake'
[8.134s] Level 1:colcon.colcon_core.package_identification:_identify(.) by extension 'python'
[8.134s] Level 1:colcon.colcon_core.package_identification:_identify(.) by extensions ['python_setup_py']
[8.134s] Level 1:colcon.colcon_core.package_identification:_identify(.) by extension 'python_setup_py'
[8.134s] Level 1:colcon.colcon_core.package_identification:_identify(build) by extensions ['ignore', 'ignore_ament_install']
[8.134s] Level 1:colcon.colcon_core.package_identification:_identify(build) by extension 'ignore'
[8.134s] Level 1:colcon.colcon_core.package_identification:_identify(build) ignored
[8.135s] Level 1:colcon.colcon_core.package_identification:_identify(install) by extensions ['ignore', 'ignore_ament_install']
[8.135s] Level 1:colcon.colcon_core.package_identification:_identify(install) by extension 'ignore'
[8.135s] Level 1:colcon.colcon_core.package_identification:_identify(install) ignored
[8.135s] Level 1:colcon.colcon_core.package_identification:_identify(log) by extensions ['ignore', 'ignore_ament_install']
[8.135s] Level 1:colcon.colcon_core.package_identification:_identify(log) by extension 'ignore'
[8.135s] Level 1:colcon.colcon_core.package_identification:_identify(log) ignored
[8.136s] Level 1:colcon.colcon_core.package_identification:_identify(src) by extensions ['ignore', 'ignore_ament_install']
[8.136s] Level 1:colcon.colcon_core.package_identification:_identify(src) by extension 'ignore'
[8.136s] Level 1:colcon.colcon_core.package_identification:_identify(src) by extension 'ignore_ament_install'
[8.137s] Level 1:colcon.colcon_core.package_identification:_identify(src) by extensions ['colcon_pkg']
[8.137s] Level 1:colcon.colcon_core.package_identification:_identify(src) by extension 'colcon_pkg'
[8.137s] Level 1:colcon.colcon_core.package_identification:_identify(src) by extensions ['colcon_meta']
[8.137s] Level 1:colcon.colcon_core.package_identification:_identify(src) by extension 'colcon_meta'
[8.137s] Level 1:colcon.colcon_core.package_identification:_identify(src) by extensions ['ros']
[8.137s] Level 1:colcon.colcon_core.package_identification:_identify(src) by extension 'ros'
[8.137s] Level 1:colcon.colcon_core.package_identification:_identify(src) by extensions ['cmake', 'python']
[8.137s] Level 1:colcon.colcon_core.package_identification:_identify(src) by extension 'cmake'
[8.137s] Level 1:colcon.colcon_core.package_identification:_identify(src) by extension 'python'
[8.137s] Level 1:colcon.colcon_core.package_identification:_identify(src) by extensions ['python_setup_py']
[8.137s] Level 1:colcon.colcon_core.package_identification:_identify(src) by extension 'python_setup_py'
[8.138s] Level 1:colcon.colcon_core.package_identification:_identify(src/BurguerPack) by extensions ['ignore', 'ignore_ament_install']
[8.139s] Level 1:colcon.colcon_core.package_identification:_identify(src/BurguerPack) by extension 'ignore'
[8.139s] Level 1:colcon.colcon_core.package_identification:_identify(src/BurguerPack) by extension 'ignore_ament_install'
[8.139s] Level 1:colcon.colcon_core.package_identification:_identify(src/BurguerPack) by extensions ['colcon_pkg']
[8.139s] Level 1:colcon.colcon_core.package_identification:_identify(src/BurguerPack) by extension 'colcon_pkg'
[8.139s] Level 1:colcon.colcon_core.package_identification:_identify(src/BurguerPack) by extensions ['colcon_meta']
[8.139s] Level 1:colcon.colcon_core.package_identification:_identify(src/BurguerPack) by extension 'colcon_meta'
[8.139s] Level 1:colcon.colcon_core.package_identification:_identify(src/BurguerPack) by extensions ['ros']
[8.139s] Level 1:colcon.colcon_core.package_identification:_identify(src/BurguerPack) by extension 'ros'
[8.155s] DEBUG:colcon.colcon_core.package_identification:Package 'src/BurguerPack' with type 'ros.ament_python' and name 'BurguerPack'
[8.156s] Level 1:colcon.colcon_core.package_discovery:discover_packages(recursive) using defaults
[8.156s] Level 1:colcon.colcon_core.package_discovery:discover_packages(ignore) discover
[8.156s] Level 1:colcon.colcon_core.package_discovery:discover_packages(ignore) using defaults
[8.156s] Level 1:colcon.colcon_core.package_discovery:discover_packages(path) discover
[8.156s] Level 1:colcon.colcon_core.package_discovery:discover_packages(path) using defaults
[8.481s] Level 1:colcon.colcon_core.package_discovery:discover_packages(prefix_path) check parameters
[8.481s] Level 1:colcon.colcon_core.package_discovery:discover_packages(prefix_path) discover
[8.516s] DEBUG:colcon.colcon_installed_package_information.package_discovery:Found 279 installed packages in /opt/ros/humble
[8.522s] Level 1:colcon.colcon_core.package_discovery:discover_packages(prefix_path) using defaults
[8.711s] Level 5:colcon.colcon_core.verb:set package 'BurguerPack' build argument 'cmake_args' from command line to 'None'
[8.711s] Level 5:colcon.colcon_core.verb:set package 'BurguerPack' build argument 'cmake_target' from command line to 'None'
[8.711s] Level 5:colcon.colcon_core.verb:set package 'BurguerPack' build argument 'cmake_target_skip_unavailable' from command line to 'False'
[8.711s] Level 5:colcon.colcon_core.verb:set package 'BurguerPack' build argument 'cmake_clean_cache' from command line to 'False'
[8.711s] Level 5:colcon.colcon_core.verb:set package 'BurguerPack' build argument 'cmake_clean_first' from command line to 'False'
[8.711s] Level 5:colcon.colcon_core.verb:set package 'BurguerPack' build argument 'cmake_force_configure' from command line to 'False'
[8.711s] Level 5:colcon.colcon_core.verb:set package 'BurguerPack' build argument 'ament_cmake_args' from command line to 'None'
[8.711s] Level 5:colcon.colcon_core.verb:set package 'BurguerPack' build argument 'catkin_cmake_args' from command line to 'None'
[8.712s] Level 5:colcon.colcon_core.verb:set package 'BurguerPack' build argument 'catkin_skip_building_tests' from command line to 'False'
[8.712s] DEBUG:colcon.colcon_core.verb:Building package 'BurguerPack' with the following arguments: {'ament_cmake_args': None, 'build_base': '/home/igorunix/M6/pond2/ros2_ws/build/BurguerPack', 'catkin_cmake_args': None, 'catkin_skip_building_tests': False, 'cmake_args': None, 'cmake_clean_cache': False, 'cmake_clean_first': False, 'cmake_force_configure': False, 'cmake_target': None, 'cmake_target_skip_unavailable': False, 'install_base': '/home/igorunix/M6/pond2/ros2_ws/install/BurguerPack', 'merge_install': False, 'path': '/home/igorunix/M6/pond2/ros2_ws/src/BurguerPack', 'symlink_install': False, 'test_result_base': None}
[8.713s] INFO:colcon.colcon_core.executor:Executing jobs using 'parallel' executor
[8.721s] DEBUG:colcon.colcon_parallel_executor.executor.parallel:run_until_complete
[8.722s] INFO:colcon.colcon_ros.task.ament_python.build:Building ROS package in '/home/igorunix/M6/pond2/ros2_ws/src/BurguerPack' with build type 'ament_python'
[8.722s] Level 1:colcon.colcon_core.shell:create_environment_hook('BurguerPack', 'ament_prefix_path')
[8.805s] INFO:colcon.colcon_core.plugin_system:Skipping extension 'colcon_core.shell.bat': Not used on non-Windows systems
[8.806s] INFO:colcon.colcon_core.shell:Creating environment hook '/home/igorunix/M6/pond2/ros2_ws/install/BurguerPack/share/BurguerPack/hook/ament_prefix_path.ps1'
[8.824s] INFO:colcon.colcon_core.shell:Creating environment descriptor '/home/igorunix/M6/pond2/ros2_ws/install/BurguerPack/share/BurguerPack/hook/ament_prefix_path.dsv'
[8.838s] INFO:colcon.colcon_core.shell:Creating environment hook '/home/igorunix/M6/pond2/ros2_ws/install/BurguerPack/share/BurguerPack/hook/ament_prefix_path.sh'
[8.850s] INFO:colcon.colcon_core.shell:Skip shell extension 'powershell' for command environment: Not usable outside of PowerShell
[8.850s] DEBUG:colcon.colcon_core.shell:Skip shell extension 'dsv' for command environment
[9.553s] INFO:colcon.colcon_core.task.python.build:Building Python package in '/home/igorunix/M6/pond2/ros2_ws/src/BurguerPack'
[9.557s] INFO:colcon.colcon_core.shell:Skip shell extension 'powershell' for command environment: Not usable outside of PowerShell
[9.557s] DEBUG:colcon.colcon_core.shell:Skip shell extension 'dsv' for command environment
[10.725s] DEBUG:colcon.colcon_core.event_handler.log_command:Invoking command in '/home/igorunix/M6/pond2/ros2_ws/src/BurguerPack': PYTHONPATH=/home/igorunix/M6/pond2/ros2_ws/build/BurguerPack/prefix_override:/home/igorunix/M6/pond2/ros2_ws/install/BurguerPack/lib/python3.10/site-packages:${PYTHONPATH} /usr/bin/python3 setup.py egg_info --egg-base ../../build/BurguerPack build --build-base /home/igorunix/M6/pond2/ros2_ws/build/BurguerPack/build install --record /home/igorunix/M6/pond2/ros2_ws/build/BurguerPack/install.log --single-version-externally-managed
[11.444s] DEBUG:colcon.colcon_core.event_handler.log_command:Invoked command in '/home/igorunix/M6/pond2/ros2_ws/src/BurguerPack' returned '0': PYTHONPATH=/home/igorunix/M6/pond2/ros2_ws/build/BurguerPack/prefix_override:/home/igorunix/M6/pond2/ros2_ws/install/BurguerPack/lib/python3.10/site-packages:${PYTHONPATH} /usr/bin/python3 setup.py egg_info --egg-base ../../build/BurguerPack build --build-base /home/igorunix/M6/pond2/ros2_ws/build/BurguerPack/build install --record /home/igorunix/M6/pond2/ros2_ws/build/BurguerPack/install.log --single-version-externally-managed
[11.530s] Level 1:colcon.colcon_core.environment:checking '/home/igorunix/M6/pond2/ros2_ws/install/BurguerPack' for CMake module files
[11.532s] Level 1:colcon.colcon_core.environment:checking '/home/igorunix/M6/pond2/ros2_ws/install/BurguerPack' for CMake config files
[11.537s] Level 1:colcon.colcon_core.environment:checking '/home/igorunix/M6/pond2/ros2_ws/install/BurguerPack/lib'
[11.538s] Level 1:colcon.colcon_core.environment:checking '/home/igorunix/M6/pond2/ros2_ws/install/BurguerPack/bin'
[11.538s] Level 1:colcon.colcon_core.environment:checking '/home/igorunix/M6/pond2/ros2_ws/install/BurguerPack/lib/pkgconfig/BurguerPack.pc'
[11.539s] Level 1:colcon.colcon_core.environment:checking '/home/igorunix/M6/pond2/ros2_ws/install/BurguerPack/lib/python3.10/site-packages'
[11.539s] Level 1:colcon.colcon_core.shell:create_environment_hook('BurguerPack', 'pythonpath')
[11.545s] INFO:colcon.colcon_core.shell:Creating environment hook '/home/igorunix/M6/pond2/ros2_ws/install/BurguerPack/share/BurguerPack/hook/pythonpath.ps1'
[11.547s] INFO:colcon.colcon_core.shell:Creating environment descriptor '/home/igorunix/M6/pond2/ros2_ws/install/BurguerPack/share/BurguerPack/hook/pythonpath.dsv'
[11.548s] INFO:colcon.colcon_core.shell:Creating environment hook '/home/igorunix/M6/pond2/ros2_ws/install/BurguerPack/share/BurguerPack/hook/pythonpath.sh'
[11.549s] Level 1:colcon.colcon_core.environment:checking '/home/igorunix/M6/pond2/ros2_ws/install/BurguerPack/bin'
[11.550s] Level 1:colcon.colcon_core.environment:create_environment_scripts_only(BurguerPack)
[11.553s] INFO:colcon.colcon_core.shell:Creating package script '/home/igorunix/M6/pond2/ros2_ws/install/BurguerPack/share/BurguerPack/package.ps1'
[11.558s] INFO:colcon.colcon_core.shell:Creating package descriptor '/home/igorunix/M6/pond2/ros2_ws/install/BurguerPack/share/BurguerPack/package.dsv'
[11.566s] INFO:colcon.colcon_core.shell:Creating package script '/home/igorunix/M6/pond2/ros2_ws/install/BurguerPack/share/BurguerPack/package.sh'
[11.572s] INFO:colcon.colcon_core.shell:Creating package script '/home/igorunix/M6/pond2/ros2_ws/install/BurguerPack/share/BurguerPack/package.bash'
[11.579s] INFO:colcon.colcon_core.shell:Creating package script '/home/igorunix/M6/pond2/ros2_ws/install/BurguerPack/share/BurguerPack/package.zsh'
[11.584s] Level 1:colcon.colcon_core.environment:create_file_with_runtime_dependencies(/home/igorunix/M6/pond2/ros2_ws/install/BurguerPack/share/colcon-core/packages/BurguerPack)
[11.585s] DEBUG:colcon.colcon_parallel_executor.executor.parallel:closing loop
[11.586s] DEBUG:colcon.colcon_parallel_executor.executor.parallel:loop closed
[11.586s] DEBUG:colcon.colcon_parallel_executor.executor.parallel:run_until_complete finished with '0'
[11.586s] DEBUG:colcon.colcon_core.event_reactor:joining thread
[12.008s] INFO:colcon.colcon_core.plugin_system:Skipping extension 'colcon_notification.desktop_notification.notify_send': Could not find 'notify-send'
[12.009s] INFO:colcon.colcon_core.plugin_system:Skipping extension 'colcon_notification.desktop_notification.terminal_notifier': Not used on non-Darwin systems
[12.009s] INFO:colcon.colcon_core.plugin_system:Skipping extension 'colcon_notification.desktop_notification.win32': Not used on non-Windows systems
[12.009s] INFO:colcon.colcon_notification.desktop_notification:Sending desktop notification using 'notify2'
[12.110s] DEBUG:colcon.colcon_notification.desktop_notification.notify2:Failed to initialize notify2: org.freedesktop.DBus.Error.ServiceUnknown: The name org.freedesktop.Notifications was not provided by any .service files
[12.111s] DEBUG:colcon.colcon_core.event_reactor:joined thread
[12.115s] INFO:colcon.colcon_core.shell:Creating prefix script '/home/igorunix/M6/pond2/ros2_ws/install/local_setup.ps1'
[12.120s] INFO:colcon.colcon_core.shell:Creating prefix util module '/home/igorunix/M6/pond2/ros2_ws/install/_local_setup_util_ps1.py'
[12.135s] INFO:colcon.colcon_core.shell:Creating prefix chain script '/home/igorunix/M6/pond2/ros2_ws/install/setup.ps1'
[12.139s] INFO:colcon.colcon_core.shell:Creating prefix script '/home/igorunix/M6/pond2/ros2_ws/install/local_setup.sh'
[12.144s] INFO:colcon.colcon_core.shell:Creating prefix util module '/home/igorunix/M6/pond2/ros2_ws/install/_local_setup_util_sh.py'
[12.145s] INFO:colcon.colcon_core.shell:Creating prefix chain script '/home/igorunix/M6/pond2/ros2_ws/install/setup.sh'
[12.150s] INFO:colcon.colcon_core.shell:Creating prefix script '/home/igorunix/M6/pond2/ros2_ws/install/local_setup.bash'
[12.153s] INFO:colcon.colcon_core.shell:Creating prefix chain script '/home/igorunix/M6/pond2/ros2_ws/install/setup.bash'
[12.156s] INFO:colcon.colcon_core.shell:Creating prefix script '/home/igorunix/M6/pond2/ros2_ws/install/local_setup.zsh'
[12.165s] INFO:colcon.colcon_core.shell:Creating prefix chain script '/home/igorunix/M6/pond2/ros2_ws/install/setup.zsh'
