[2.628s] DEBUG:colcon:Command line arguments: ['/usr/bin/colcon', 'build', '--packages-select', 'BurguerPack']
[2.628s] DEBUG:colcon:Parsed command line arguments: Namespace(log_base=None, log_level=None, verb_name='build', build_base='build', install_base='install', merge_install=False, symlink_install=False, test_result_base=None, continue_on_error=False, executor='parallel', parallel_workers=4, event_handlers=None, ignore_user_meta=False, metas=['./colcon.meta'], base_paths=['.'], packages_ignore=None, packages_ignore_regex=None, paths=None, packages_up_to=None, packages_up_to_regex=None, packages_above=None, packages_above_and_dependencies=None, packages_above_depth=None, packages_select_by_dep=None, packages_skip_by_dep=None, packages_skip_up_to=None, packages_select_build_failed=False, packages_skip_build_finished=False, packages_select_test_failures=False, packages_skip_test_passed=False, packages_select=['BurguerPack'], packages_skip=None, packages_select_regex=None, packages_skip_regex=None, packages_start=None, packages_end=None, allow_overriding=[], cmake_args=None, cmake_target=None, cmake_target_skip_unavailable=False, cmake_clean_cache=False, cmake_clean_first=False, cmake_force_configure=False, ament_cmake_args=None, catkin_cmake_args=None, catkin_skip_building_tests=False, verb_parser=<colcon_defaults.argument_parser.defaults.DefaultArgumentsDecorator object at 0x7f31075f32b0>, verb_extension=<colcon_core.verb.build.BuildVerb object at 0x7f3107df65c0>, main=<bound method BuildVerb.main of <colcon_core.verb.build.BuildVerb object at 0x7f3107df65c0>>)
[2.918s] Level 1:colcon.colcon_core.package_discovery:discover_packages(colcon_meta) check parameters
[2.918s] Level 1:colcon.colcon_core.package_discovery:discover_packages(recursive) check parameters
[2.930s] Level 1:colcon.colcon_core.package_discovery:discover_packages(ignore) check parameters
[2.930s] Level 1:colcon.colcon_core.package_discovery:discover_packages(path) check parameters
[2.930s] Level 1:colcon.colcon_core.package_discovery:discover_packages(colcon_meta) discover
[2.930s] Level 1:colcon.colcon_core.package_discovery:discover_packages(recursive) discover
[2.931s] INFO:colcon.colcon_core.package_discovery:Crawling recursively for packages in '/home/igorunix/M6/pond2/ros2_ws'
[2.931s] Level 1:colcon.colcon_core.package_identification:_identify(.) by extensions ['ignore', 'ignore_ament_install']
[2.931s] Level 1:colcon.colcon_core.package_identification:_identify(.) by extension 'ignore'
[2.931s] Level 1:colcon.colcon_core.package_identification:_identify(.) by extension 'ignore_ament_install'
[2.931s] Level 1:colcon.colcon_core.package_identification:_identify(.) by extensions ['colcon_pkg']
[2.931s] Level 1:colcon.colcon_core.package_identification:_identify(.) by extension 'colcon_pkg'
[2.931s] Level 1:colcon.colcon_core.package_identification:_identify(.) by extensions ['colcon_meta']
[2.932s] Level 1:colcon.colcon_core.package_identification:_identify(.) by extension 'colcon_meta'
[2.932s] Level 1:colcon.colcon_core.package_identification:_identify(.) by extensions ['ros']
[2.932s] Level 1:colcon.colcon_core.package_identification:_identify(.) by extension 'ros'
[3.034s] Level 1:colcon.colcon_core.package_identification:_identify(.) by extensions ['cmake', 'python']
[3.035s] Level 1:colcon.colcon_core.package_identification:_identify(.) by extension 'cmake'
[3.035s] Level 1:colcon.colcon_core.package_identification:_identify(.) by extension 'python'
[3.036s] Level 1:colcon.colcon_core.package_identification:_identify(.) by extensions ['python_setup_py']
[3.036s] Level 1:colcon.colcon_core.package_identification:_identify(.) by extension 'python_setup_py'
[3.048s] Level 1:colcon.colcon_core.package_identification:_identify(build) by extensions ['ignore', 'ignore_ament_install']
[3.048s] Level 1:colcon.colcon_core.package_identification:_identify(build) by extension 'ignore'
[3.048s] Level 1:colcon.colcon_core.package_identification:_identify(build) ignored
[3.048s] Level 1:colcon.colcon_core.package_identification:_identify(install) by extensions ['ignore', 'ignore_ament_install']
[3.049s] Level 1:colcon.colcon_core.package_identification:_identify(install) by extension 'ignore'
[3.049s] Level 1:colcon.colcon_core.package_identification:_identify(install) ignored
[3.049s] Level 1:colcon.colcon_core.package_identification:_identify(log) by extensions ['ignore', 'ignore_ament_install']
[3.049s] Level 1:colcon.colcon_core.package_identification:_identify(log) by extension 'ignore'
[3.049s] Level 1:colcon.colcon_core.package_identification:_identify(log) ignored
[3.050s] Level 1:colcon.colcon_core.package_identification:_identify(src) by extensions ['ignore', 'ignore_ament_install']
[3.050s] Level 1:colcon.colcon_core.package_identification:_identify(src) by extension 'ignore'
[3.050s] Level 1:colcon.colcon_core.package_identification:_identify(src) by extension 'ignore_ament_install'
[3.050s] Level 1:colcon.colcon_core.package_identification:_identify(src) by extensions ['colcon_pkg']
[3.050s] Level 1:colcon.colcon_core.package_identification:_identify(src) by extension 'colcon_pkg'
[3.050s] Level 1:colcon.colcon_core.package_identification:_identify(src) by extensions ['colcon_meta']
[3.050s] Level 1:colcon.colcon_core.package_identification:_identify(src) by extension 'colcon_meta'
[3.050s] Level 1:colcon.colcon_core.package_identification:_identify(src) by extensions ['ros']
[3.050s] Level 1:colcon.colcon_core.package_identification:_identify(src) by extension 'ros'
[3.050s] Level 1:colcon.colcon_core.package_identification:_identify(src) by extensions ['cmake', 'python']
[3.051s] Level 1:colcon.colcon_core.package_identification:_identify(src) by extension 'cmake'
[3.051s] Level 1:colcon.colcon_core.package_identification:_identify(src) by extension 'python'
[3.051s] Level 1:colcon.colcon_core.package_identification:_identify(src) by extensions ['python_setup_py']
[3.051s] Level 1:colcon.colcon_core.package_identification:_identify(src) by extension 'python_setup_py'
[3.051s] Level 1:colcon.colcon_core.package_identification:_identify(src/BurguerPack) by extensions ['ignore', 'ignore_ament_install']
[3.051s] Level 1:colcon.colcon_core.package_identification:_identify(src/BurguerPack) by extension 'ignore'
[3.051s] Level 1:colcon.colcon_core.package_identification:_identify(src/BurguerPack) by extension 'ignore_ament_install'
[3.051s] Level 1:colcon.colcon_core.package_identification:_identify(src/BurguerPack) by extensions ['colcon_pkg']
[3.051s] Level 1:colcon.colcon_core.package_identification:_identify(src/BurguerPack) by extension 'colcon_pkg'
[3.052s] Level 1:colcon.colcon_core.package_identification:_identify(src/BurguerPack) by extensions ['colcon_meta']
[3.052s] Level 1:colcon.colcon_core.package_identification:_identify(src/BurguerPack) by extension 'colcon_meta'
[3.052s] Level 1:colcon.colcon_core.package_identification:_identify(src/BurguerPack) by extensions ['ros']
[3.052s] Level 1:colcon.colcon_core.package_identification:_identify(src/BurguerPack) by extension 'ros'
[3.083s] DEBUG:colcon.colcon_core.package_identification:Package 'src/BurguerPack' with type 'ros.ament_python' and name 'BurguerPack'
[3.084s] Level 1:colcon.colcon_core.package_discovery:discover_packages(recursive) using defaults
[3.084s] Level 1:colcon.colcon_core.package_discovery:discover_packages(ignore) discover
[3.095s] Level 1:colcon.colcon_core.package_discovery:discover_packages(ignore) using defaults
[3.095s] Level 1:colcon.colcon_core.package_discovery:discover_packages(path) discover
[3.095s] Level 1:colcon.colcon_core.package_discovery:discover_packages(path) using defaults
[3.395s] Level 1:colcon.colcon_core.package_discovery:discover_packages(prefix_path) check parameters
[3.396s] Level 1:colcon.colcon_core.package_discovery:discover_packages(prefix_path) discover
[3.412s] DEBUG:colcon.colcon_installed_package_information.package_discovery:Found 1 installed packages in /home/igorunix/M6/pond2/ros2_ws/install
[3.421s] DEBUG:colcon.colcon_installed_package_information.package_discovery:Found 279 installed packages in /opt/ros/humble
[3.430s] Level 1:colcon.colcon_core.package_discovery:discover_packages(prefix_path) using defaults
[3.971s] Level 5:colcon.colcon_core.verb:set package 'BurguerPack' build argument 'cmake_args' from command line to 'None'
[3.972s] Level 5:colcon.colcon_core.verb:set package 'BurguerPack' build argument 'cmake_target' from command line to 'None'
[3.972s] Level 5:colcon.colcon_core.verb:set package 'BurguerPack' build argument 'cmake_target_skip_unavailable' from command line to 'False'
[3.973s] Level 5:colcon.colcon_core.verb:set package 'BurguerPack' build argument 'cmake_clean_cache' from command line to 'False'
[3.973s] Level 5:colcon.colcon_core.verb:set package 'BurguerPack' build argument 'cmake_clean_first' from command line to 'False'
[3.973s] Level 5:colcon.colcon_core.verb:set package 'BurguerPack' build argument 'cmake_force_configure' from command line to 'False'
[3.974s] Level 5:colcon.colcon_core.verb:set package 'BurguerPack' build argument 'ament_cmake_args' from command line to 'None'
[3.974s] Level 5:colcon.colcon_core.verb:set package 'BurguerPack' build argument 'catkin_cmake_args' from command line to 'None'
[3.977s] Level 5:colcon.colcon_core.verb:set package 'BurguerPack' build argument 'catkin_skip_building_tests' from command line to 'False'
[3.986s] DEBUG:colcon.colcon_core.verb:Building package 'BurguerPack' with the following arguments: {'ament_cmake_args': None, 'build_base': '/home/igorunix/M6/pond2/ros2_ws/build/BurguerPack', 'catkin_cmake_args': None, 'catkin_skip_building_tests': False, 'cmake_args': None, 'cmake_clean_cache': False, 'cmake_clean_first': False, 'cmake_force_configure': False, 'cmake_target': None, 'cmake_target_skip_unavailable': False, 'install_base': '/home/igorunix/M6/pond2/ros2_ws/install/BurguerPack', 'merge_install': False, 'path': '/home/igorunix/M6/pond2/ros2_ws/src/BurguerPack', 'symlink_install': False, 'test_result_base': None}
[3.989s] INFO:colcon.colcon_core.executor:Executing jobs using 'parallel' executor
[4.022s] DEBUG:colcon.colcon_parallel_executor.executor.parallel:run_until_complete
[4.022s] INFO:colcon.colcon_ros.task.ament_python.build:Building ROS package in '/home/igorunix/M6/pond2/ros2_ws/src/BurguerPack' with build type 'ament_python'
[4.023s] Level 1:colcon.colcon_core.shell:create_environment_hook('BurguerPack', 'ament_prefix_path')
[4.062s] INFO:colcon.colcon_core.plugin_system:Skipping extension 'colcon_core.shell.bat': Not used on non-Windows systems
[4.066s] INFO:colcon.colcon_core.shell:Creating environment hook '/home/igorunix/M6/pond2/ros2_ws/install/BurguerPack/share/BurguerPack/hook/ament_prefix_path.ps1'
[4.069s] INFO:colcon.colcon_core.shell:Creating environment descriptor '/home/igorunix/M6/pond2/ros2_ws/install/BurguerPack/share/BurguerPack/hook/ament_prefix_path.dsv'
[4.083s] INFO:colcon.colcon_core.shell:Creating environment hook '/home/igorunix/M6/pond2/ros2_ws/install/BurguerPack/share/BurguerPack/hook/ament_prefix_path.sh'
[4.101s] INFO:colcon.colcon_core.shell:Skip shell extension 'powershell' for command environment: Not usable outside of PowerShell
[4.102s] DEBUG:colcon.colcon_core.shell:Skip shell extension 'dsv' for command environment
[6.401s] INFO:colcon.colcon_core.task.python.build:Building Python package in '/home/igorunix/M6/pond2/ros2_ws/src/BurguerPack'
[6.404s] INFO:colcon.colcon_core.shell:Skip shell extension 'powershell' for command environment: Not usable outside of PowerShell
[6.405s] DEBUG:colcon.colcon_core.shell:Skip shell extension 'dsv' for command environment
[8.025s] DEBUG:colcon.colcon_core.event_handler.log_command:Invoking command in '/home/igorunix/M6/pond2/ros2_ws/src/BurguerPack': PYTHONPATH=/home/igorunix/M6/pond2/ros2_ws/build/BurguerPack/prefix_override:/home/igorunix/M6/pond2/ros2_ws/install/BurguerPack/lib/python3.10/site-packages:${PYTHONPATH} /usr/bin/python3 setup.py egg_info --egg-base ../../build/BurguerPack build --build-base /home/igorunix/M6/pond2/ros2_ws/build/BurguerPack/build install --record /home/igorunix/M6/pond2/ros2_ws/build/BurguerPack/install.log --single-version-externally-managed
[9.319s] DEBUG:colcon.colcon_core.event_handler.log_command:Invoked command in '/home/igorunix/M6/pond2/ros2_ws/src/BurguerPack' returned '0': PYTHONPATH=/home/igorunix/M6/pond2/ros2_ws/build/BurguerPack/prefix_override:/home/igorunix/M6/pond2/ros2_ws/install/BurguerPack/lib/python3.10/site-packages:${PYTHONPATH} /usr/bin/python3 setup.py egg_info --egg-base ../../build/BurguerPack build --build-base /home/igorunix/M6/pond2/ros2_ws/build/BurguerPack/build install --record /home/igorunix/M6/pond2/ros2_ws/build/BurguerPack/install.log --single-version-externally-managed
[9.329s] Level 1:colcon.colcon_core.environment:checking '/home/igorunix/M6/pond2/ros2_ws/install/BurguerPack' for CMake module files
[9.330s] Level 1:colcon.colcon_core.environment:checking '/home/igorunix/M6/pond2/ros2_ws/install/BurguerPack' for CMake config files
[9.332s] Level 1:colcon.colcon_core.environment:checking '/home/igorunix/M6/pond2/ros2_ws/install/BurguerPack/lib'
[9.336s] Level 1:colcon.colcon_core.environment:checking '/home/igorunix/M6/pond2/ros2_ws/install/BurguerPack/bin'
[9.337s] Level 1:colcon.colcon_core.environment:checking '/home/igorunix/M6/pond2/ros2_ws/install/BurguerPack/lib/pkgconfig/BurguerPack.pc'
[9.337s] Level 1:colcon.colcon_core.environment:checking '/home/igorunix/M6/pond2/ros2_ws/install/BurguerPack/lib/python3.10/site-packages'
[9.338s] Level 1:colcon.colcon_core.shell:create_environment_hook('BurguerPack', 'pythonpath')
[9.342s] INFO:colcon.colcon_core.shell:Creating environment hook '/home/igorunix/M6/pond2/ros2_ws/install/BurguerPack/share/BurguerPack/hook/pythonpath.ps1'
[9.344s] INFO:colcon.colcon_core.shell:Creating environment descriptor '/home/igorunix/M6/pond2/ros2_ws/install/BurguerPack/share/BurguerPack/hook/pythonpath.dsv'
[9.345s] INFO:colcon.colcon_core.shell:Creating environment hook '/home/igorunix/M6/pond2/ros2_ws/install/BurguerPack/share/BurguerPack/hook/pythonpath.sh'
[9.347s] Level 1:colcon.colcon_core.environment:checking '/home/igorunix/M6/pond2/ros2_ws/install/BurguerPack/bin'
[9.348s] Level 1:colcon.colcon_core.environment:create_environment_scripts_only(BurguerPack)
[9.354s] INFO:colcon.colcon_core.shell:Creating package script '/home/igorunix/M6/pond2/ros2_ws/install/BurguerPack/share/BurguerPack/package.ps1'
[9.357s] INFO:colcon.colcon_core.shell:Creating package descriptor '/home/igorunix/M6/pond2/ros2_ws/install/BurguerPack/share/BurguerPack/package.dsv'
[9.360s] INFO:colcon.colcon_core.shell:Creating package script '/home/igorunix/M6/pond2/ros2_ws/install/BurguerPack/share/BurguerPack/package.sh'
[9.363s] INFO:colcon.colcon_core.shell:Creating package script '/home/igorunix/M6/pond2/ros2_ws/install/BurguerPack/share/BurguerPack/package.bash'
[9.365s] INFO:colcon.colcon_core.shell:Creating package script '/home/igorunix/M6/pond2/ros2_ws/install/BurguerPack/share/BurguerPack/package.zsh'
[9.370s] Level 1:colcon.colcon_core.environment:create_file_with_runtime_dependencies(/home/igorunix/M6/pond2/ros2_ws/install/BurguerPack/share/colcon-core/packages/BurguerPack)
[9.375s] DEBUG:colcon.colcon_parallel_executor.executor.parallel:closing loop
[9.375s] DEBUG:colcon.colcon_parallel_executor.executor.parallel:loop closed
[9.376s] DEBUG:colcon.colcon_parallel_executor.executor.parallel:run_until_complete finished with '0'
[9.376s] DEBUG:colcon.colcon_core.event_reactor:joining thread
[9.528s] INFO:colcon.colcon_core.plugin_system:Skipping extension 'colcon_notification.desktop_notification.notify_send': Could not find 'notify-send'
[9.529s] INFO:colcon.colcon_core.plugin_system:Skipping extension 'colcon_notification.desktop_notification.terminal_notifier': Not used on non-Darwin systems
[9.529s] INFO:colcon.colcon_core.plugin_system:Skipping extension 'colcon_notification.desktop_notification.win32': Not used on non-Windows systems
[9.530s] INFO:colcon.colcon_notification.desktop_notification:Sending desktop notification using 'notify2'
[9.556s] DEBUG:colcon.colcon_notification.desktop_notification.notify2:Failed to initialize notify2: org.freedesktop.DBus.Error.ServiceUnknown: The name org.freedesktop.Notifications was not provided by any .service files
[9.558s] DEBUG:colcon.colcon_core.event_reactor:joined thread
[9.577s] INFO:colcon.colcon_core.shell:Creating prefix script '/home/igorunix/M6/pond2/ros2_ws/install/local_setup.ps1'
[9.581s] INFO:colcon.colcon_core.shell:Creating prefix util module '/home/igorunix/M6/pond2/ros2_ws/install/_local_setup_util_ps1.py'
[9.596s] INFO:colcon.colcon_core.shell:Creating prefix chain script '/home/igorunix/M6/pond2/ros2_ws/install/setup.ps1'
[9.619s] INFO:colcon.colcon_core.shell:Creating prefix script '/home/igorunix/M6/pond2/ros2_ws/install/local_setup.sh'
[9.626s] INFO:colcon.colcon_core.shell:Creating prefix util module '/home/igorunix/M6/pond2/ros2_ws/install/_local_setup_util_sh.py'
[9.630s] INFO:colcon.colcon_core.shell:Creating prefix chain script '/home/igorunix/M6/pond2/ros2_ws/install/setup.sh'
[9.640s] INFO:colcon.colcon_core.shell:Creating prefix script '/home/igorunix/M6/pond2/ros2_ws/install/local_setup.bash'
[9.642s] INFO:colcon.colcon_core.shell:Creating prefix chain script '/home/igorunix/M6/pond2/ros2_ws/install/setup.bash'
[9.657s] INFO:colcon.colcon_core.shell:Creating prefix script '/home/igorunix/M6/pond2/ros2_ws/install/local_setup.zsh'
[9.659s] INFO:colcon.colcon_core.shell:Creating prefix chain script '/home/igorunix/M6/pond2/ros2_ws/install/setup.zsh'
