[1.504s] Invoking command in '/home/igorunix/M6/pond2/ros2_ws/src/BurguerPack': PYTHONPATH=/home/igorunix/M6/pond2/ros2_ws/build/BurguerPack/prefix_override:/home/igorunix/M6/pond2/ros2_ws/install/BurguerPack/lib/python3.10/site-packages:${PYTHONPATH} /usr/bin/python3 setup.py egg_info --egg-base ../../build/BurguerPack build --build-base /home/igorunix/M6/pond2/ros2_ws/build/BurguerPack/build install --record /home/igorunix/M6/pond2/ros2_ws/build/BurguerPack/install.log --single-version-externally-managed
[2.248s] running egg_info
[2.254s] writing ../../build/BurguerPack/BurguerPack.egg-info/PKG-INFO
[2.258s] writing dependency_links to ../../build/BurguerPack/BurguerPack.egg-info/dependency_links.txt
[2.269s] writing entry points to ../../build/BurguerPack/BurguerPack.egg-info/entry_points.txt
[2.269s] writing requirements to ../../build/BurguerPack/BurguerPack.egg-info/requires.txt
[2.270s] writing top-level names to ../../build/BurguerPack/BurguerPack.egg-info/top_level.txt
[2.270s] reading manifest file '../../build/BurguerPack/BurguerPack.egg-info/SOURCES.txt'
[2.270s] writing manifest file '../../build/BurguerPack/BurguerPack.egg-info/SOURCES.txt'
[2.270s] running build
[2.270s] running build_py
[2.271s] copying BurguerPack/__init__.py -> /home/igorunix/M6/pond2/ros2_ws/build/BurguerPack/build/lib/BurguerPack
[2.276s] running install
[2.277s] /usr/lib/python3/dist-packages/setuptools/command/install.py:34: SetuptoolsDeprecationWarning: setup.py install is deprecated. Use build and pip and other standards-based tools.
[2.277s]   warnings.warn(
[2.277s] running install_lib
[2.288s] copying /home/igorunix/M6/pond2/ros2_ws/build/BurguerPack/build/lib/BurguerPack/__init__.py -> /home/igorunix/M6/pond2/ros2_ws/install/BurguerPack/lib/python3.10/site-packages/BurguerPack
[2.288s] byte-compiling /home/igorunix/M6/pond2/ros2_ws/install/BurguerPack/lib/python3.10/site-packages/BurguerPack/__init__.py to __init__.cpython-310.pyc
[2.288s] running install_data
[2.305s] running install_egg_info
[2.306s] removing '/home/igorunix/M6/pond2/ros2_ws/install/BurguerPack/lib/python3.10/site-packages/BurguerPack-0.0.0-py3.10.egg-info' (and everything under it)
[2.307s] Copying ../../build/BurguerPack/BurguerPack.egg-info to /home/igorunix/M6/pond2/ros2_ws/install/BurguerPack/lib/python3.10/site-packages/BurguerPack-0.0.0-py3.10.egg-info
[2.307s] running install_scripts
[2.372s] Installing Burguer script to /home/igorunix/M6/pond2/ros2_ws/install/BurguerPack/lib/BurguerPack
[2.373s] writing list of installed files to '/home/igorunix/M6/pond2/ros2_ws/build/BurguerPack/install.log'
[2.465s] Invoked command in '/home/igorunix/M6/pond2/ros2_ws/src/BurguerPack' returned '0': PYTHONPATH=/home/igorunix/M6/pond2/ros2_ws/build/BurguerPack/prefix_override:/home/igorunix/M6/pond2/ros2_ws/install/BurguerPack/lib/python3.10/site-packages:${PYTHONPATH} /usr/bin/python3 setup.py egg_info --egg-base ../../build/BurguerPack build --build-base /home/igorunix/M6/pond2/ros2_ws/build/BurguerPack/build install --record /home/igorunix/M6/pond2/ros2_ws/build/BurguerPack/install.log --single-version-externally-managed
