[1.459s] Invoking command in '/home/igorunix/M6/pond2/ros2_ws/src/BurguerPack': PYTHONPATH=/home/igorunix/M6/pond2/ros2_ws/build/BurguerPack/prefix_override:/home/igorunix/M6/pond2/ros2_ws/install/BurguerPack/lib/python3.10/site-packages:${PYTHONPATH} /usr/bin/python3 setup.py egg_info --egg-base ../../build/BurguerPack build --build-base /home/igorunix/M6/pond2/ros2_ws/build/BurguerPack/build install --record /home/igorunix/M6/pond2/ros2_ws/build/BurguerPack/install.log --single-version-externally-managed
[1.900s] running egg_info
[1.901s] writing ../../build/BurguerPack/BurguerPack.egg-info/PKG-INFO
[1.904s] writing dependency_links to ../../build/BurguerPack/BurguerPack.egg-info/dependency_links.txt
[1.904s] writing entry points to ../../build/BurguerPack/BurguerPack.egg-info/entry_points.txt
[1.904s] writing requirements to ../../build/BurguerPack/BurguerPack.egg-info/requires.txt
[1.904s] writing top-level names to ../../build/BurguerPack/BurguerPack.egg-info/top_level.txt
[1.908s] reading manifest file '../../build/BurguerPack/BurguerPack.egg-info/SOURCES.txt'
[1.909s] writing manifest file '../../build/BurguerPack/BurguerPack.egg-info/SOURCES.txt'
[1.910s] running build
[1.910s] running build_py
[1.911s] copying BurguerPack/ElementLine.py -> /home/igorunix/M6/pond2/ros2_ws/build/BurguerPack/build/lib/BurguerPack
[1.913s] running install
[1.913s] /usr/lib/python3/dist-packages/setuptools/command/install.py:34: SetuptoolsDeprecationWarning: setup.py install is deprecated. Use build and pip and other standards-based tools.
[1.914s]   warnings.warn(
[1.914s] running install_lib
[1.916s] copying /home/igorunix/M6/pond2/ros2_ws/build/BurguerPack/build/lib/BurguerPack/ElementLine.py -> /home/igorunix/M6/pond2/ros2_ws/install/BurguerPack/lib/python3.10/site-packages/BurguerPack
[1.919s] byte-compiling /home/igorunix/M6/pond2/ros2_ws/install/BurguerPack/lib/python3.10/site-packages/BurguerPack/ElementLine.py to ElementLine.cpython-310.pyc
[1.920s] running install_data
[1.921s] running install_egg_info
[1.925s] removing '/home/igorunix/M6/pond2/ros2_ws/install/BurguerPack/lib/python3.10/site-packages/BurguerPack-0.0.0-py3.10.egg-info' (and everything under it)
[1.927s] Copying ../../build/BurguerPack/BurguerPack.egg-info to /home/igorunix/M6/pond2/ros2_ws/install/BurguerPack/lib/python3.10/site-packages/BurguerPack-0.0.0-py3.10.egg-info
[1.928s] running install_scripts
[1.969s] Installing Burguer script to /home/igorunix/M6/pond2/ros2_ws/install/BurguerPack/lib/BurguerPack
[1.969s] writing list of installed files to '/home/igorunix/M6/pond2/ros2_ws/build/BurguerPack/install.log'
[2.017s] Invoked command in '/home/igorunix/M6/pond2/ros2_ws/src/BurguerPack' returned '0': PYTHONPATH=/home/igorunix/M6/pond2/ros2_ws/build/BurguerPack/prefix_override:/home/igorunix/M6/pond2/ros2_ws/install/BurguerPack/lib/python3.10/site-packages:${PYTHONPATH} /usr/bin/python3 setup.py egg_info --egg-base ../../build/BurguerPack build --build-base /home/igorunix/M6/pond2/ros2_ws/build/BurguerPack/build install --record /home/igorunix/M6/pond2/ros2_ws/build/BurguerPack/install.log --single-version-externally-managed
