[1.768s] Invoking command in '/home/igorunix/M6/pond2/ros2_ws/src/BurguerPack': PYTHONPATH=/home/igorunix/M6/pond2/ros2_ws/build/BurguerPack/prefix_override:/home/igorunix/M6/pond2/ros2_ws/install/BurguerPack/lib/python3.10/site-packages:${PYTHONPATH} /usr/bin/python3 setup.py egg_info --egg-base ../../build/BurguerPack build --build-base /home/igorunix/M6/pond2/ros2_ws/build/BurguerPack/build install --record /home/igorunix/M6/pond2/ros2_ws/build/BurguerPack/install.log --single-version-externally-managed
[2.359s] running egg_info
[2.361s] writing ../../build/BurguerPack/BurguerPack.egg-info/PKG-INFO
[2.362s] writing dependency_links to ../../build/BurguerPack/BurguerPack.egg-info/dependency_links.txt
[2.366s] writing entry points to ../../build/BurguerPack/BurguerPack.egg-info/entry_points.txt
[2.367s] writing requirements to ../../build/BurguerPack/BurguerPack.egg-info/requires.txt
[2.369s] writing top-level names to ../../build/BurguerPack/BurguerPack.egg-info/top_level.txt
[2.374s] reading manifest file '../../build/BurguerPack/BurguerPack.egg-info/SOURCES.txt'
[2.380s] writing manifest file '../../build/BurguerPack/BurguerPack.egg-info/SOURCES.txt'
[2.381s] running build
[2.382s] running build_py
[2.385s] running install
[2.385s] /usr/lib/python3/dist-packages/setuptools/command/install.py:34: SetuptoolsDeprecationWarning: setup.py install is deprecated. Use build and pip and other standards-based tools.
[2.385s]   warnings.warn(
[2.387s] running install_lib
[2.390s] running install_data
[2.392s] running install_egg_info
[2.396s] removing '/home/igorunix/M6/pond2/ros2_ws/install/BurguerPack/lib/python3.10/site-packages/BurguerPack-0.0.0-py3.10.egg-info' (and everything under it)
[2.404s] Copying ../../build/BurguerPack/BurguerPack.egg-info to /home/igorunix/M6/pond2/ros2_ws/install/BurguerPack/lib/python3.10/site-packages/BurguerPack-0.0.0-py3.10.egg-info
[2.416s] running install_scripts
[2.469s] Installing Burguer script to /home/igorunix/M6/pond2/ros2_ws/install/BurguerPack/lib/BurguerPack
[2.475s] writing list of installed files to '/home/igorunix/M6/pond2/ros2_ws/build/BurguerPack/install.log'
[2.538s] Invoked command in '/home/igorunix/M6/pond2/ros2_ws/src/BurguerPack' returned '0': PYTHONPATH=/home/igorunix/M6/pond2/ros2_ws/build/BurguerPack/prefix_override:/home/igorunix/M6/pond2/ros2_ws/install/BurguerPack/lib/python3.10/site-packages:${PYTHONPATH} /usr/bin/python3 setup.py egg_info --egg-base ../../build/BurguerPack build --build-base /home/igorunix/M6/pond2/ros2_ws/build/BurguerPack/build install --record /home/igorunix/M6/pond2/ros2_ws/build/BurguerPack/install.log --single-version-externally-managed
