[0.894s] Invoking command in '/home/igorunix/ros2_ws/src/BurguerPack': PYTHONPATH=/home/igorunix/ros2_ws/build/BurguerPack/prefix_override:/home/igorunix/ros2_ws/install/BurguerPack/lib/python3.10/site-packages:${PYTHONPATH} /usr/bin/python3 setup.py egg_info --egg-base ../../build/BurguerPack build --build-base /home/igorunix/ros2_ws/build/BurguerPack/build install --record /home/igorunix/ros2_ws/build/BurguerPack/install.log --single-version-externally-managed
[1.194s] running egg_info
[1.195s] creating ../../build/BurguerPack/BurguerPack.egg-info
[1.195s] writing ../../build/BurguerPack/BurguerPack.egg-info/PKG-INFO
[1.196s] writing dependency_links to ../../build/BurguerPack/BurguerPack.egg-info/dependency_links.txt
[1.196s] writing entry points to ../../build/BurguerPack/BurguerPack.egg-info/entry_points.txt
[1.197s] writing requirements to ../../build/BurguerPack/BurguerPack.egg-info/requires.txt
[1.197s] writing top-level names to ../../build/BurguerPack/BurguerPack.egg-info/top_level.txt
[1.197s] writing manifest file '../../build/BurguerPack/BurguerPack.egg-info/SOURCES.txt'
[1.200s] reading manifest file '../../build/BurguerPack/BurguerPack.egg-info/SOURCES.txt'
[1.201s] writing manifest file '../../build/BurguerPack/BurguerPack.egg-info/SOURCES.txt'
[1.202s] running build
[1.202s] running build_py
[1.203s] creating /home/igorunix/ros2_ws/build/BurguerPack/build
[1.203s] creating /home/igorunix/ros2_ws/build/BurguerPack/build/lib
[1.203s] creating /home/igorunix/ros2_ws/build/BurguerPack/build/lib/BurguerPack
[1.204s] copying BurguerPack/__init__.py -> /home/igorunix/ros2_ws/build/BurguerPack/build/lib/BurguerPack
[1.204s] running install
[1.205s] /usr/lib/python3/dist-packages/setuptools/command/install.py:34: SetuptoolsDeprecationWarning: setup.py install is deprecated. Use build and pip and other standards-based tools.
[1.205s]   warnings.warn(
[1.206s] running install_lib
[1.207s] creating /home/igorunix/ros2_ws/install/BurguerPack/lib/python3.10/site-packages/BurguerPack
[1.207s] copying /home/igorunix/ros2_ws/build/BurguerPack/build/lib/BurguerPack/__init__.py -> /home/igorunix/ros2_ws/install/BurguerPack/lib/python3.10/site-packages/BurguerPack
[1.209s] byte-compiling /home/igorunix/ros2_ws/install/BurguerPack/lib/python3.10/site-packages/BurguerPack/__init__.py to __init__.cpython-310.pyc
[1.210s] running install_data
[1.211s] creating /home/igorunix/ros2_ws/install/BurguerPack/share/ament_index
[1.211s] creating /home/igorunix/ros2_ws/install/BurguerPack/share/ament_index/resource_index
[1.212s] creating /home/igorunix/ros2_ws/install/BurguerPack/share/ament_index/resource_index/packages
[1.213s] copying resource/BurguerPack -> /home/igorunix/ros2_ws/install/BurguerPack/share/ament_index/resource_index/packages
[1.213s] copying package.xml -> /home/igorunix/ros2_ws/install/BurguerPack/share/BurguerPack
[1.214s] running install_egg_info
[1.216s] Copying ../../build/BurguerPack/BurguerPack.egg-info to /home/igorunix/ros2_ws/install/BurguerPack/lib/python3.10/site-packages/BurguerPack-0.0.0-py3.10.egg-info
[1.218s] running install_scripts
[1.245s] Installing BurguerPack script to /home/igorunix/ros2_ws/install/BurguerPack/lib/BurguerPack
[1.246s] writing list of installed files to '/home/igorunix/ros2_ws/build/BurguerPack/install.log'
[1.279s] Invoked command in '/home/igorunix/ros2_ws/src/BurguerPack' returned '0': PYTHONPATH=/home/igorunix/ros2_ws/build/BurguerPack/prefix_override:/home/igorunix/ros2_ws/install/BurguerPack/lib/python3.10/site-packages:${PYTHONPATH} /usr/bin/python3 setup.py egg_info --egg-base ../../build/BurguerPack build --build-base /home/igorunix/ros2_ws/build/BurguerPack/build install --record /home/igorunix/ros2_ws/build/BurguerPack/install.log --single-version-externally-managed
